<?xml version="1.0" encoding="UTF-8"?>
<!-- Generated by org.testng.reporters.JUnitReportReporter -->
<testsuite hostname="Adithya-PC" failures="0" tests="1" name="tests.AdminFlow" time="416.044" errors="0" timestamp="2023-11-30T10:55:15 IST" skipped="0">
  <testcase classname="tests.AdminFlow" name="adminmenuflow" time="416.044"/>
</testsuite> <!-- tests.AdminFlow -->
